TN:
SF:src\transcriptManager.ts
FN:13,initialize
FN:17,addDemoData
FN:24,getAll
FN:32,(anonymous_3)
FN:39,addStudent
FN:47,getTranscript
FN:48,(anonymous_6)
FN:52,getStudentIDs
FN:53,(anonymous_8)
FN:54,(anonymous_9)
FN:59,deleteStudent
FN:60,(anonymous_11)
FN:67,addGrade
FN:68,(anonymous_13)
FN:82,addGradeToTranscript
FN:84,(anonymous_15)
FN:91,getGrade
FN:92,(anonymous_17)
FN:93,(anonymous_18)
FNF:19
FNH:18
FNDA:19,initialize
FNDA:0,addDemoData
FNDA:1,getAll
FNDA:18,(anonymous_3)
FNDA:18,addStudent
FNDA:6,getTranscript
FNDA:6,(anonymous_6)
FNDA:2,getStudentIDs
FNDA:6,(anonymous_8)
FNDA:3,(anonymous_9)
FNDA:4,deleteStudent
FNDA:3,(anonymous_11)
FNDA:16,addGrade
FNDA:16,(anonymous_13)
FNDA:14,addGradeToTranscript
FNDA:5,(anonymous_15)
FNDA:6,getGrade
FNDA:6,(anonymous_17)
FNDA:5,(anonymous_18)
DA:11,2
DA:13,2
DA:14,19
DA:17,2
DA:18,0
DA:19,0
DA:20,0
DA:21,0
DA:24,2
DA:25,1
DA:30,2
DA:33,18
DA:34,18
DA:39,2
DA:40,18
DA:41,18
DA:42,18
DA:43,18
DA:47,2
DA:48,6
DA:52,2
DA:53,6
DA:54,3
DA:59,2
DA:60,4
DA:61,4
DA:62,2
DA:64,2
DA:67,2
DA:68,16
DA:69,16
DA:70,2
DA:72,14
DA:73,14
DA:74,14
DA:76,3
DA:83,14
DA:84,14
DA:85,3
DA:87,11
DA:91,2
DA:92,6
DA:93,6
DA:94,6
DA:95,3
DA:98,3
LF:46
LH:42
BRDA:39,0,0,18
BRDA:61,1,0,2
BRDA:69,2,0,2
BRDA:84,3,0,3
BRDA:94,4,0,3
BRF:5
BRH:5
end_of_record
